<?xml version="1.0" encoding="UTF-8"?>
<!-- Generated by org.testng.reporters.JUnitReportReporter -->
<testsuite hostname="Abhijith" failures="0" tests="1" name="shoppingcart.TC_DWS_003_Test" time="7.477" errors="0" timestamp="2024-04-13T10:03:41 IST" skipped="0">
  <testcase classname="shoppingcart.TC_DWS_003_Test" name="addProduct" time="7.477"/>
  <system-out/>
</testsuite> <!-- shoppingcart.TC_DWS_003_Test -->
